<?xml version="1.0" encoding="UTF-8"?>
<testng-results skipped="0" failed="0" ignored="0" total="1" passed="1">
  <reporter-output>
  </reporter-output>
  <suite name="Default suite" duration-ms="75119" started-at="2018-08-29T04:32:21Z" finished-at="2018-08-29T04:33:36Z">
    <groups>
    </groups>
    <test name="Default test" duration-ms="75119" started-at="2018-08-29T04:32:21Z" finished-at="2018-08-29T04:33:36Z">
      <class name="com.wallet.hub.java.test.FacebookPostTest">
        <test-method status="PASS" signature="initialize()[pri:0, instance:com.wallet.hub.java.test.FacebookPostTest@5ce81285]" name="initialize" is-config="true" duration-ms="43543" started-at="2018-08-29T10:02:21Z" finished-at="2018-08-29T10:03:05Z">
          <reporter-output>
          </reporter-output>
        </test-method> <!-- initialize -->
        <test-method status="PASS" signature="WalletTestStarHover()[pri:0, instance:com.wallet.hub.java.test.FacebookPostTest@5ce81285]" name="WalletTestStarHover" duration-ms="29663" started-at="2018-08-29T10:03:05Z" finished-at="2018-08-29T10:03:34Z">
          <reporter-output>
          </reporter-output>
        </test-method> <!-- WalletTestStarHover -->
        <test-method status="PASS" signature="tearDown()[pri:0, instance:com.wallet.hub.java.test.FacebookPostTest@5ce81285]" name="tearDown" is-config="true" duration-ms="1868" started-at="2018-08-29T10:03:34Z" finished-at="2018-08-29T10:03:36Z">
          <reporter-output>
          </reporter-output>
        </test-method> <!-- tearDown -->
      </class> <!-- com.wallet.hub.java.test.FacebookPostTest -->
    </test> <!-- Default test -->
  </suite> <!-- Default suite -->
</testng-results>
